<?xml version="1.0" encoding="UTF-8"?>
<!-- Generated by org.testng.reporters.JUnitXMLReporter -->
<testsuite ignored="0" hostname="kamalesh" failures="0" tests="5" name="Surefire test" time="17.879" errors="0" timestamp="16 Jan 2024 06:31:11 GMT">
  <testcase classname="TestCases.SampleTest" name="appSupport" time="0.004"/>
  <testcase classname="TestCases.SampleTest" name="appTest" time="0.001"/>
  <testcase classname="TestCases.SampleTest" name="forgotPasswordPage" time="0.001"/>
  <testcase classname="TestCases.SampleTest" name="homePageLinks" time="0.001"/>
  <testcase classname="TestCases.SampleTest" name="loginPage" time="3.509"/>
</testsuite> <!-- Surefire test -->
