<?xml version="1.0" encoding="UTF-8"?>
<!-- Generated by org.testng.reporters.JUnitXMLReporter -->
<testsuite ignored="0" hostname="kamalesh" failures="1" tests="5" name="Surefire test" time="12.358" errors="0" timestamp="15 Jan 2024 14:23:19 GMT">
  <testcase classname="TestCases.SampleTest" name="appSupport" time="0.004"/>
  <testcase classname="TestCases.SampleTest" name="appTest" time="0.002"/>
  <testcase classname="TestCases.SampleTest" name="forgotPasswordPage" time="0.0"/>
  <testcase classname="TestCases.SampleTest" name="homePageLinks" time="0.001"/>
  <testcase classname="TestCases.SampleTest" name="loginPage" time="0.001">
    <failure type="java.lang.NullPointerException">
      <![CDATA[java.lang.NullPointerException
at org.openqa.selenium.support.pagefactory.DefaultElementLocator.findElement(DefaultElementLocator.java:69)
at org.openqa.selenium.support.pagefactory.internal.LocatingElementHandler.invoke(LocatingElementHandler.java:38)
at com.sun.proxy.$Proxy8.sendKeys(Unknown Source)
at Seleniumjava.Pages.LoginPagePOM.login(LoginPagePOM.java:35)
at TestCases.SampleTest.loginPage(SampleTest.java:25)
... Removed 30 stack frames]]>
    </failure>
  </testcase> <!-- loginPage -->
</testsuite> <!-- Surefire test -->
