<?xml version="1.0" encoding="UTF-8"?>
<!-- Generated by org.testng.reporters.JUnitXMLReporter -->
<testsuite ignored="1" hostname="kamalesh" failures="0" tests="1" name="Default test" time="35.178" errors="0" timestamp="16 Jan 2024 09:35:21 GMT">
  <testcase classname="TestCases.SampleTest" name="loginPage" time="12.038"/>
  <testcase classname="TestCases.SampleTest" name="forgotPasswordPage" time="0.0">
    <ignored/>
  </testcase> <!-- forgotPasswordPage -->
</testsuite> <!-- Default test -->
