<?xml version="1.0" encoding="UTF-8"?>
<testsuite xmlns:xsi="http://www.w3.org/2001/XMLSchema-instance" xsi:noNamespaceSchemaLocation="https://maven.apache.org/surefire/maven-surefire-plugin/xsd/surefire-test-report-3.0.xsd" version="3.0" name="TestCases.SampleTest" time="18.973" tests="5" errors="0" skipped="0" failures="0">
  <properties>
[...]
</properties>
  <testcase name="appSupport" classname="TestCases.SampleTest" time="0.176">
    <system-out><![CDATA[App Support
]]></system-out>
    <system-err><![CDATA[SLF4J: No SLF4J providers were found.
SLF4J: Defaulting to no-operation (NOP) logger implementation
SLF4J: See https://www.slf4j.org/codes.html#noProviders for further details.
Starting ChromeDriver 120.0.6099.109 (3419140ab665596f21b385ce136419fde0924272-refs/branch-heads/6099@{#1483}) on port 23998
Only local connections are allowed.
Please see https://chromedriver.chromium.org/security-considerations for suggestions on keeping ChromeDriver safe.
ChromeDriver was started successfully.
Jan 16, 2024 12:00:57 PM org.openqa.selenium.remote.ProtocolHandshake createSession
INFO: Detected dialect: W3C
]]></system-err>
  </testcase>
  <testcase name="appTest" classname="TestCases.SampleTest" time="0.181">
    <system-out><![CDATA[Hello world
]]></system-out>
  </testcase>
  <testcase name="forgotPasswordPage" classname="TestCases.SampleTest" time="0.051">
    <system-out><![CDATA[ we are in the Password reset page
]]></system-out>
  </testcase>
  <testcase name="homePageLinks" classname="TestCases.SampleTest" time="0.07">
    <system-out><![CDATA[Checking all the links in the Login page
]]></system-out>
  </testcase>
  <testcase name="loginPage" classname="TestCases.SampleTest" time="2.996">
    <system-out><![CDATA[ We are in the login page
]]></system-out>
  </testcase>
</testsuite>