<?xml version="1.0" encoding="UTF-8"?>
<testng-results ignored="0" total="5" passed="5" failed="0" skipped="0">
  <reporter-output>
  </reporter-output>
  <suite started-at="2024-01-16T06:30:53Z" name="Surefire suite" finished-at="2024-01-16T06:31:11Z" duration-ms="17879">
    <groups>
    </groups>
    <test started-at="2024-01-16T06:30:53Z" name="Surefire test" finished-at="2024-01-16T06:31:11Z" duration-ms="17879">
      <class name="TestCases.SampleTest">
        <test-method is-config="true" signature="setup()[pri:0, instance:TestCases.SampleTest@30c15d8b]" started-at="2024-01-16T06:30:53Z" name="setup" finished-at="2024-01-16T06:31:06Z" duration-ms="13112" status="PASS">
          <reporter-output>
          </reporter-output>
        </test-method> <!-- setup -->
        <test-method signature="appSupport()[pri:0, instance:TestCases.SampleTest@30c15d8b]" started-at="2024-01-16T06:31:06Z" name="appSupport" finished-at="2024-01-16T06:31:06Z" duration-ms="4" status="PASS">
          <reporter-output>
          </reporter-output>
        </test-method> <!-- appSupport -->
        <test-method signature="appTest()[pri:0, instance:TestCases.SampleTest@30c15d8b]" started-at="2024-01-16T06:31:06Z" name="appTest" finished-at="2024-01-16T06:31:06Z" duration-ms="1" status="PASS">
          <reporter-output>
          </reporter-output>
        </test-method> <!-- appTest -->
        <test-method signature="forgotPasswordPage()[pri:0, instance:TestCases.SampleTest@30c15d8b]" started-at="2024-01-16T06:31:06Z" name="forgotPasswordPage" finished-at="2024-01-16T06:31:06Z" duration-ms="1" status="PASS">
          <reporter-output>
          </reporter-output>
        </test-method> <!-- forgotPasswordPage -->
        <test-method signature="homePageLinks()[pri:0, instance:TestCases.SampleTest@30c15d8b]" started-at="2024-01-16T06:31:06Z" name="homePageLinks" finished-at="2024-01-16T06:31:06Z" duration-ms="1" status="PASS">
          <reporter-output>
          </reporter-output>
        </test-method> <!-- homePageLinks -->
        <test-method signature="loginPage()[pri:0, instance:TestCases.SampleTest@30c15d8b]" started-at="2024-01-16T06:31:06Z" name="loginPage" finished-at="2024-01-16T06:31:09Z" duration-ms="3509" status="PASS">
          <reporter-output>
          </reporter-output>
        </test-method> <!-- loginPage -->
        <test-method is-config="true" signature="tearDown()[pri:0, instance:TestCases.SampleTest@30c15d8b]" started-at="2024-01-16T06:31:09Z" name="tearDown" finished-at="2024-01-16T06:31:11Z" duration-ms="1191" status="PASS">
          <reporter-output>
          </reporter-output>
        </test-method> <!-- tearDown -->
      </class> <!-- TestCases.SampleTest -->
    </test> <!-- Surefire test -->
  </suite> <!-- Surefire suite -->
</testng-results>
