<?xml version="1.0" encoding="UTF-8"?>
<testng-results ignored="0" total="2" passed="2" failed="0" skipped="0">
  <reporter-output>
  </reporter-output>
  <suite started-at="2024-01-16T14:15:49Z" name="Suite" finished-at="2024-01-16T14:16:49Z" duration-ms="59968">
    <groups>
    </groups>
    <test started-at="2024-01-16T14:15:49Z" name="Test" finished-at="2024-01-16T14:16:49Z" duration-ms="59968">
      <class name="TestCases.SampleTest">
        <test-method is-config="true" signature="driverSetup()[pri:0, instance:TestCases.SampleTest@36a5cabc]" started-at="2024-01-16T14:15:48Z" name="driverSetup" finished-at="2024-01-16T14:15:49Z" duration-ms="933" status="PASS">
          <reporter-output>
          </reporter-output>
        </test-method> <!-- driverSetup -->
        <test-method is-config="true" signature="driverStartUp()[pri:0, instance:TestCases.SampleTest@36a5cabc]" started-at="2024-01-16T14:15:49Z" name="driverStartUp" finished-at="2024-01-16T14:15:54Z" duration-ms="5181" status="PASS">
          <reporter-output>
          </reporter-output>
        </test-method> <!-- driverStartUp -->
        <test-method is-config="true" signature="setup()[pri:0, instance:TestCases.SampleTest@36a5cabc]" started-at="2024-01-16T14:15:54Z" name="setup" finished-at="2024-01-16T14:16:34Z" duration-ms="39303" status="PASS">
          <reporter-output>
          </reporter-output>
        </test-method> <!-- setup -->
        <test-method signature="loginPage()[pri:0, instance:TestCases.SampleTest@36a5cabc]" started-at="2024-01-16T14:16:34Z" name="loginPage" finished-at="2024-01-16T14:16:42Z" duration-ms="8180" status="PASS">
          <reporter-output>
          </reporter-output>
        </test-method> <!-- loginPage -->
        <test-method is-config="true" signature="setup()[pri:0, instance:TestCases.SampleTest@36a5cabc]" started-at="2024-01-16T14:16:42Z" name="setup" finished-at="2024-01-16T14:16:47Z" duration-ms="4981" status="PASS">
          <reporter-output>
          </reporter-output>
        </test-method> <!-- setup -->
        <test-method signature="forgotPasswordPage()[pri:0, instance:TestCases.SampleTest@36a5cabc]" started-at="2024-01-16T14:16:47Z" name="forgotPasswordPage" finished-at="2024-01-16T14:16:49Z" depends-on-methods="TestCases.SampleTest.loginPage" duration-ms="2280" status="PASS">
          <reporter-output>
          </reporter-output>
        </test-method> <!-- forgotPasswordPage -->
        <test-method is-config="true" signature="driverClosing()[pri:0, instance:TestCases.SampleTest@36a5cabc]" started-at="2024-01-16T14:16:49Z" name="driverClosing" finished-at="2024-01-16T14:16:50Z" duration-ms="1369" status="PASS">
          <reporter-output>
          </reporter-output>
        </test-method> <!-- driverClosing -->
      </class> <!-- TestCases.SampleTest -->
    </test> <!-- Test -->
  </suite> <!-- Suite -->
</testng-results>
